2016-02-09 19:17:19 Error: Array
(
    [orderid] => 37939
    [statuscode] => 5
    [transact] => 23436434
)

2016-02-09 19:17:20 Error: [SocketException] Could not send email.
Request URL: /v2/payments/accept_payment
Stack Trace:
#0 /opt/lampp/htdocs/v2/lib/Cake/Network/Email/MailTransport.php(51): MailTransport->_mail('akrog13@student...', 'Kvittering', '<!DOCTYPE html ...', 'From: Bundgaard...', NULL)
#1 /opt/lampp/htdocs/v2/lib/Cake/Network/Email/CakeEmail.php(1122): MailTransport->send(Object(CakeEmail))
#2 /opt/lampp/htdocs/v2/app/Controller/PaymentsController.php(121): CakeEmail->send()
#3 /opt/lampp/htdocs/v2/app/Controller/PaymentsController.php(22): PaymentsController->check_dibs_status(Object(CakeRequest))
#4 [internal function]: PaymentsController->beforeFilter(Object(CakeEvent))
#5 /opt/lampp/htdocs/v2/lib/Cake/Event/CakeEventManager.php(247): call_user_func(Array, Object(CakeEvent))
#6 /opt/lampp/htdocs/v2/lib/Cake/Controller/Controller.php(674): CakeEventManager->dispatch(Object(CakeEvent))
#7 /opt/lampp/htdocs/v2/lib/Cake/Routing/Dispatcher.php(182): Controller->startupProcess()
#8 /opt/lampp/htdocs/v2/lib/Cake/Routing/Dispatcher.php(160): Dispatcher->_invoke(Object(PaymentsController), Object(CakeRequest), Object(CakeResponse))
#9 /opt/lampp/htdocs/v2/app/webroot/index.php(116): Dispatcher->dispatch(Object(CakeRequest), Object(CakeResponse))
#10 {main}
2016-02-09 19:26:44 Error: [MissingControllerException] Controller class CssController could not be found.
Exception Attributes: array (
  'class' => 'CssController',
  'plugin' => NULL,
)
Request URL: /v2/css/bootstrap-fileupload.min.css
Stack Trace:
#0 /opt/lampp/htdocs/v2/app/webroot/index.php(116): Dispatcher->dispatch(Object(CakeRequest), Object(CakeResponse))
#1 {main}
2016-02-09 19:26:53 Error: [MissingControllerException] Controller class CssController could not be found.
Exception Attributes: array (
  'class' => 'CssController',
  'plugin' => NULL,
)
Request URL: /v2/css/bootstrap-fileupload.min.css
Stack Trace:
#0 /opt/lampp/htdocs/v2/app/webroot/index.php(116): Dispatcher->dispatch(Object(CakeRequest), Object(CakeResponse))
#1 {main}
2016-02-09 19:26:56 Error: [MissingControllerException] Controller class CssController could not be found.
Exception Attributes: array (
  'class' => 'CssController',
  'plugin' => NULL,
)
Request URL: /v2/css/bootstrap-fileupload.min.css
Stack Trace:
#0 /opt/lampp/htdocs/v2/app/webroot/index.php(116): Dispatcher->dispatch(Object(CakeRequest), Object(CakeResponse))
#1 {main}
2016-02-09 19:26:59 Error: [MissingControllerException] Controller class CssController could not be found.
Exception Attributes: array (
  'class' => 'CssController',
  'plugin' => NULL,
)
Request URL: /v2/css/bootstrap-fileupload.min.css
Stack Trace:
#0 /opt/lampp/htdocs/v2/app/webroot/index.php(116): Dispatcher->dispatch(Object(CakeRequest), Object(CakeResponse))
#1 {main}
2016-02-09 19:27:02 Error: [MissingControllerException] Controller class CssController could not be found.
Exception Attributes: array (
  'class' => 'CssController',
  'plugin' => NULL,
)
Request URL: /v2/css/bootstrap-fileupload.min.css
Stack Trace:
#0 /opt/lampp/htdocs/v2/app/webroot/index.php(116): Dispatcher->dispatch(Object(CakeRequest), Object(CakeResponse))
#1 {main}
2016-02-09 19:27:07 Error: [MissingControllerException] Controller class CssController could not be found.
Exception Attributes: array (
  'class' => 'CssController',
  'plugin' => NULL,
)
Request URL: /v2/css/bootstrap-fileupload.min.css
Stack Trace:
#0 /opt/lampp/htdocs/v2/app/webroot/index.php(116): Dispatcher->dispatch(Object(CakeRequest), Object(CakeResponse))
#1 {main}
2016-02-09 19:27:09 Error: [MissingControllerException] Controller class CssController could not be found.
Exception Attributes: array (
  'class' => 'CssController',
  'plugin' => NULL,
)
Request URL: /v2/css/bootstrap-fileupload.min.css
Stack Trace:
#0 /opt/lampp/htdocs/v2/app/webroot/index.php(116): Dispatcher->dispatch(Object(CakeRequest), Object(CakeResponse))
#1 {main}
2016-02-09 19:27:28 Error: [MissingControllerException] Controller class CssController could not be found.
Exception Attributes: array (
  'class' => 'CssController',
  'plugin' => NULL,
)
Request URL: /v2/css/bootstrap-fileupload.min.css
Stack Trace:
#0 /opt/lampp/htdocs/v2/app/webroot/index.php(116): Dispatcher->dispatch(Object(CakeRequest), Object(CakeResponse))
#1 {main}
2016-02-09 19:30:42 Error: [MissingControllerException] Controller class CssController could not be found.
Exception Attributes: array (
  'class' => 'CssController',
  'plugin' => NULL,
)
Request URL: /v2/css/bootstrap-fileupload.min.css
Stack Trace:
#0 /opt/lampp/htdocs/v2/app/webroot/index.php(116): Dispatcher->dispatch(Object(CakeRequest), Object(CakeResponse))
#1 {main}
2016-02-09 19:31:00 Error: [MissingControllerException] Controller class CssController could not be found.
Exception Attributes: array (
  'class' => 'CssController',
  'plugin' => NULL,
)
Request URL: /v2/css/bootstrap-fileupload.min.css
Stack Trace:
#0 /opt/lampp/htdocs/v2/app/webroot/index.php(116): Dispatcher->dispatch(Object(CakeRequest), Object(CakeResponse))
#1 {main}
2016-02-09 19:31:10 Error: [MissingControllerException] Controller class CssController could not be found.
Exception Attributes: array (
  'class' => 'CssController',
  'plugin' => NULL,
)
Request URL: /v2/css/bootstrap-fileupload.min.css
Stack Trace:
#0 /opt/lampp/htdocs/v2/app/webroot/index.php(116): Dispatcher->dispatch(Object(CakeRequest), Object(CakeResponse))
#1 {main}
2016-02-09 19:31:51 Error: [MissingControllerException] Controller class CssController could not be found.
Exception Attributes: array (
  'class' => 'CssController',
  'plugin' => NULL,
)
Request URL: /v2/css/bootstrap-fileupload.min.css
Stack Trace:
#0 /opt/lampp/htdocs/v2/app/webroot/index.php(116): Dispatcher->dispatch(Object(CakeRequest), Object(CakeResponse))
#1 {main}
2016-02-09 19:31:56 Error: [MissingControllerException] Controller class CssController could not be found.
Exception Attributes: array (
  'class' => 'CssController',
  'plugin' => NULL,
)
Request URL: /v2/css/bootstrap-fileupload.min.css
Stack Trace:
#0 /opt/lampp/htdocs/v2/app/webroot/index.php(116): Dispatcher->dispatch(Object(CakeRequest), Object(CakeResponse))
#1 {main}
2016-02-09 19:31:58 Error: [MissingControllerException] Controller class CssController could not be found.
Exception Attributes: array (
  'class' => 'CssController',
  'plugin' => NULL,
)
Request URL: /v2/css/bootstrap-fileupload.min.css
Stack Trace:
#0 /opt/lampp/htdocs/v2/app/webroot/index.php(116): Dispatcher->dispatch(Object(CakeRequest), Object(CakeResponse))
#1 {main}
2016-02-09 19:32:01 Error: [MissingControllerException] Controller class CssController could not be found.
Exception Attributes: array (
  'class' => 'CssController',
  'plugin' => NULL,
)
Request URL: /v2/css/bootstrap-fileupload.min.css
Stack Trace:
#0 /opt/lampp/htdocs/v2/app/webroot/index.php(116): Dispatcher->dispatch(Object(CakeRequest), Object(CakeResponse))
#1 {main}
2016-02-09 19:32:03 Error: [MissingControllerException] Controller class CssController could not be found.
Exception Attributes: array (
  'class' => 'CssController',
  'plugin' => NULL,
)
Request URL: /v2/css/bootstrap-fileupload.min.css
Stack Trace:
#0 /opt/lampp/htdocs/v2/app/webroot/index.php(116): Dispatcher->dispatch(Object(CakeRequest), Object(CakeResponse))
#1 {main}
2016-02-09 19:32:05 Error: [MissingControllerException] Controller class CssController could not be found.
Exception Attributes: array (
  'class' => 'CssController',
  'plugin' => NULL,
)
Request URL: /v2/css/bootstrap-fileupload.min.css
Stack Trace:
#0 /opt/lampp/htdocs/v2/app/webroot/index.php(116): Dispatcher->dispatch(Object(CakeRequest), Object(CakeResponse))
#1 {main}
2016-02-09 19:32:22 Error: [MissingControllerException] Controller class CssController could not be found.
Exception Attributes: array (
  'class' => 'CssController',
  'plugin' => NULL,
)
Request URL: /v2/css/bootstrap-fileupload.min.css
Stack Trace:
#0 /opt/lampp/htdocs/v2/app/webroot/index.php(116): Dispatcher->dispatch(Object(CakeRequest), Object(CakeResponse))
#1 {main}
2016-02-09 19:32:50 Error: [MissingControllerException] Controller class CssController could not be found.
Exception Attributes: array (
  'class' => 'CssController',
  'plugin' => NULL,
)
Request URL: /v2/css/bootstrap-fileupload.min.css
Stack Trace:
#0 /opt/lampp/htdocs/v2/app/webroot/index.php(116): Dispatcher->dispatch(Object(CakeRequest), Object(CakeResponse))
#1 {main}
2016-02-09 19:33:09 Error: [MissingControllerException] Controller class CssController could not be found.
Exception Attributes: array (
  'class' => 'CssController',
  'plugin' => NULL,
)
Request URL: /v2/css/bootstrap-fileupload.min.css
Stack Trace:
#0 /opt/lampp/htdocs/v2/app/webroot/index.php(116): Dispatcher->dispatch(Object(CakeRequest), Object(CakeResponse))
#1 {main}
2016-02-09 19:34:29 Error: [MissingControllerException] Controller class CssController could not be found.
Exception Attributes: array (
  'class' => 'CssController',
  'plugin' => NULL,
)
Request URL: /v2/css/bootstrap-fileupload.min.css
Stack Trace:
#0 /opt/lampp/htdocs/v2/app/webroot/index.php(116): Dispatcher->dispatch(Object(CakeRequest), Object(CakeResponse))
#1 {main}
2016-02-09 19:34:31 Error: [MissingControllerException] Controller class CssController could not be found.
Exception Attributes: array (
  'class' => 'CssController',
  'plugin' => NULL,
)
Request URL: /v2/css/bootstrap-fileupload.min.css
Stack Trace:
#0 /opt/lampp/htdocs/v2/app/webroot/index.php(116): Dispatcher->dispatch(Object(CakeRequest), Object(CakeResponse))
#1 {main}
2016-02-09 19:34:33 Error: [MissingControllerException] Controller class CssController could not be found.
Exception Attributes: array (
  'class' => 'CssController',
  'plugin' => NULL,
)
Request URL: /v2/css/bootstrap-fileupload.min.css
Stack Trace:
#0 /opt/lampp/htdocs/v2/app/webroot/index.php(116): Dispatcher->dispatch(Object(CakeRequest), Object(CakeResponse))
#1 {main}
2016-02-09 19:34:36 Error: [MissingControllerException] Controller class CssController could not be found.
Exception Attributes: array (
  'class' => 'CssController',
  'plugin' => NULL,
)
Request URL: /v2/css/bootstrap-fileupload.min.css
Stack Trace:
#0 /opt/lampp/htdocs/v2/app/webroot/index.php(116): Dispatcher->dispatch(Object(CakeRequest), Object(CakeResponse))
#1 {main}
2016-02-09 19:34:38 Error: [MissingControllerException] Controller class CssController could not be found.
Exception Attributes: array (
  'class' => 'CssController',
  'plugin' => NULL,
)
Request URL: /v2/css/bootstrap-fileupload.min.css
Stack Trace:
#0 /opt/lampp/htdocs/v2/app/webroot/index.php(116): Dispatcher->dispatch(Object(CakeRequest), Object(CakeResponse))
#1 {main}
2016-02-09 19:34:41 Error: [MissingControllerException] Controller class CssController could not be found.
Exception Attributes: array (
  'class' => 'CssController',
  'plugin' => NULL,
)
Request URL: /v2/css/bootstrap-fileupload.min.css
Stack Trace:
#0 /opt/lampp/htdocs/v2/app/webroot/index.php(116): Dispatcher->dispatch(Object(CakeRequest), Object(CakeResponse))
#1 {main}
2016-02-09 19:34:55 Error: [MissingControllerException] Controller class CssController could not be found.
Exception Attributes: array (
  'class' => 'CssController',
  'plugin' => NULL,
)
Request URL: /v2/css/bootstrap-fileupload.min.css
Stack Trace:
#0 /opt/lampp/htdocs/v2/app/webroot/index.php(116): Dispatcher->dispatch(Object(CakeRequest), Object(CakeResponse))
#1 {main}
2016-02-09 19:36:52 Error: [MissingControllerException] Controller class CssController could not be found.
Exception Attributes: array (
  'class' => 'CssController',
  'plugin' => NULL,
)
Request URL: /v2/css/bootstrap-fileupload.min.css
Stack Trace:
#0 /opt/lampp/htdocs/v2/app/webroot/index.php(116): Dispatcher->dispatch(Object(CakeRequest), Object(CakeResponse))
#1 {main}
2016-02-09 19:37:14 Error: [MissingControllerException] Controller class CssController could not be found.
Exception Attributes: array (
  'class' => 'CssController',
  'plugin' => NULL,
)
Request URL: /v2/css/bootstrap-fileupload.min.css
Stack Trace:
#0 /opt/lampp/htdocs/v2/app/webroot/index.php(116): Dispatcher->dispatch(Object(CakeRequest), Object(CakeResponse))
#1 {main}
2016-02-09 19:37:48 Error: [MissingControllerException] Controller class CssController could not be found.
Exception Attributes: array (
  'class' => 'CssController',
  'plugin' => NULL,
)
Request URL: /v2/css/bootstrap-fileupload.min.css
Stack Trace:
#0 /opt/lampp/htdocs/v2/app/webroot/index.php(116): Dispatcher->dispatch(Object(CakeRequest), Object(CakeResponse))
#1 {main}
2016-02-09 19:38:04 Error: [MissingControllerException] Controller class CssController could not be found.
Exception Attributes: array (
  'class' => 'CssController',
  'plugin' => NULL,
)
Request URL: /v2/css/bootstrap-fileupload.min.css
Stack Trace:
#0 /opt/lampp/htdocs/v2/app/webroot/index.php(116): Dispatcher->dispatch(Object(CakeRequest), Object(CakeResponse))
#1 {main}
2016-02-09 19:38:07 Error: [MissingControllerException] Controller class CssController could not be found.
Exception Attributes: array (
  'class' => 'CssController',
  'plugin' => NULL,
)
Request URL: /v2/css/bootstrap-fileupload.min.css
Stack Trace:
#0 /opt/lampp/htdocs/v2/app/webroot/index.php(116): Dispatcher->dispatch(Object(CakeRequest), Object(CakeResponse))
#1 {main}
2016-02-09 19:38:09 Error: [MissingControllerException] Controller class CssController could not be found.
Exception Attributes: array (
  'class' => 'CssController',
  'plugin' => NULL,
)
Request URL: /v2/css/bootstrap-fileupload.min.css
Stack Trace:
#0 /opt/lampp/htdocs/v2/app/webroot/index.php(116): Dispatcher->dispatch(Object(CakeRequest), Object(CakeResponse))
#1 {main}
2016-02-09 19:38:12 Error: [MissingControllerException] Controller class CssController could not be found.
Exception Attributes: array (
  'class' => 'CssController',
  'plugin' => NULL,
)
Request URL: /v2/css/bootstrap-fileupload.min.css
Stack Trace:
#0 /opt/lampp/htdocs/v2/app/webroot/index.php(116): Dispatcher->dispatch(Object(CakeRequest), Object(CakeResponse))
#1 {main}
2016-02-09 19:40:18 Error: [MissingControllerException] Controller class CssController could not be found.
Exception Attributes: array (
  'class' => 'CssController',
  'plugin' => NULL,
)
Request URL: /v2/css/bootstrap-fileupload.min.css
Stack Trace:
#0 /opt/lampp/htdocs/v2/app/webroot/index.php(116): Dispatcher->dispatch(Object(CakeRequest), Object(CakeResponse))
#1 {main}
2016-02-09 19:43:50 Error: [MissingControllerException] Controller class CssController could not be found.
Exception Attributes: array (
  'class' => 'CssController',
  'plugin' => NULL,
)
Request URL: /v2/css/bootstrap-fileupload.min.css
Stack Trace:
#0 /opt/lampp/htdocs/v2/app/webroot/index.php(116): Dispatcher->dispatch(Object(CakeRequest), Object(CakeResponse))
#1 {main}
2016-02-09 19:43:53 Error: [MissingControllerException] Controller class CssController could not be found.
Exception Attributes: array (
  'class' => 'CssController',
  'plugin' => NULL,
)
Request URL: /v2/css/bootstrap-fileupload.min.css
Stack Trace:
#0 /opt/lampp/htdocs/v2/app/webroot/index.php(116): Dispatcher->dispatch(Object(CakeRequest), Object(CakeResponse))
#1 {main}
2016-02-09 19:43:54 Error: [MissingControllerException] Controller class CssController could not be found.
Exception Attributes: array (
  'class' => 'CssController',
  'plugin' => NULL,
)
Request URL: /v2/css/bootstrap-fileupload.min.css
Stack Trace:
#0 /opt/lampp/htdocs/v2/app/webroot/index.php(116): Dispatcher->dispatch(Object(CakeRequest), Object(CakeResponse))
#1 {main}
2016-02-09 19:43:55 Error: [MissingControllerException] Controller class CssController could not be found.
Exception Attributes: array (
  'class' => 'CssController',
  'plugin' => NULL,
)
Request URL: /v2/css/bootstrap-fileupload.min.css
Stack Trace:
#0 /opt/lampp/htdocs/v2/app/webroot/index.php(116): Dispatcher->dispatch(Object(CakeRequest), Object(CakeResponse))
#1 {main}
2016-02-09 19:43:58 Error: [MissingControllerException] Controller class CssController could not be found.
Exception Attributes: array (
  'class' => 'CssController',
  'plugin' => NULL,
)
Request URL: /v2/css/bootstrap-fileupload.min.css
Stack Trace:
#0 /opt/lampp/htdocs/v2/app/webroot/index.php(116): Dispatcher->dispatch(Object(CakeRequest), Object(CakeResponse))
#1 {main}
2016-02-09 19:43:59 Error: [MissingControllerException] Controller class CssController could not be found.
Exception Attributes: array (
  'class' => 'CssController',
  'plugin' => NULL,
)
Request URL: /v2/css/bootstrap-fileupload.min.css
Stack Trace:
#0 /opt/lampp/htdocs/v2/app/webroot/index.php(116): Dispatcher->dispatch(Object(CakeRequest), Object(CakeResponse))
#1 {main}
2016-02-09 19:44:01 Error: [MissingControllerException] Controller class CssController could not be found.
Exception Attributes: array (
  'class' => 'CssController',
  'plugin' => NULL,
)
Request URL: /v2/css/bootstrap-fileupload.min.css
Stack Trace:
#0 /opt/lampp/htdocs/v2/app/webroot/index.php(116): Dispatcher->dispatch(Object(CakeRequest), Object(CakeResponse))
#1 {main}
2016-02-09 19:44:17 Error: [MissingControllerException] Controller class CssController could not be found.
Exception Attributes: array (
  'class' => 'CssController',
  'plugin' => NULL,
)
Request URL: /v2/css/bootstrap-fileupload.min.css
Stack Trace:
#0 /opt/lampp/htdocs/v2/app/webroot/index.php(116): Dispatcher->dispatch(Object(CakeRequest), Object(CakeResponse))
#1 {main}
2016-02-09 19:44:47 Error: [MissingControllerException] Controller class CssController could not be found.
Exception Attributes: array (
  'class' => 'CssController',
  'plugin' => NULL,
)
Request URL: /v2/css/bootstrap-fileupload.min.css
Stack Trace:
#0 /opt/lampp/htdocs/v2/app/webroot/index.php(116): Dispatcher->dispatch(Object(CakeRequest), Object(CakeResponse))
#1 {main}
2016-02-09 19:44:49 Error: [MissingControllerException] Controller class CssController could not be found.
Exception Attributes: array (
  'class' => 'CssController',
  'plugin' => NULL,
)
Request URL: /v2/css/bootstrap-fileupload.min.css
Stack Trace:
#0 /opt/lampp/htdocs/v2/app/webroot/index.php(116): Dispatcher->dispatch(Object(CakeRequest), Object(CakeResponse))
#1 {main}
2016-02-09 19:44:51 Error: [MissingControllerException] Controller class CssController could not be found.
Exception Attributes: array (
  'class' => 'CssController',
  'plugin' => NULL,
)
Request URL: /v2/css/bootstrap-fileupload.min.css
Stack Trace:
#0 /opt/lampp/htdocs/v2/app/webroot/index.php(116): Dispatcher->dispatch(Object(CakeRequest), Object(CakeResponse))
#1 {main}
2016-02-09 19:44:53 Error: [MissingControllerException] Controller class CssController could not be found.
Exception Attributes: array (
  'class' => 'CssController',
  'plugin' => NULL,
)
Request URL: /v2/css/bootstrap-fileupload.min.css
Stack Trace:
#0 /opt/lampp/htdocs/v2/app/webroot/index.php(116): Dispatcher->dispatch(Object(CakeRequest), Object(CakeResponse))
#1 {main}
2016-02-09 19:44:55 Error: [MissingControllerException] Controller class CssController could not be found.
Exception Attributes: array (
  'class' => 'CssController',
  'plugin' => NULL,
)
Request URL: /v2/css/bootstrap-fileupload.min.css
Stack Trace:
#0 /opt/lampp/htdocs/v2/app/webroot/index.php(116): Dispatcher->dispatch(Object(CakeRequest), Object(CakeResponse))
#1 {main}
2016-02-09 19:45:00 Error: [MissingControllerException] Controller class CssController could not be found.
Exception Attributes: array (
  'class' => 'CssController',
  'plugin' => NULL,
)
Request URL: /v2/css/bootstrap-fileupload.min.css
Stack Trace:
#0 /opt/lampp/htdocs/v2/app/webroot/index.php(116): Dispatcher->dispatch(Object(CakeRequest), Object(CakeResponse))
#1 {main}
2016-02-09 19:45:20 Error: [MissingControllerException] Controller class CssController could not be found.
Exception Attributes: array (
  'class' => 'CssController',
  'plugin' => NULL,
)
Request URL: /v2/css/bootstrap-fileupload.min.css
Stack Trace:
#0 /opt/lampp/htdocs/v2/app/webroot/index.php(116): Dispatcher->dispatch(Object(CakeRequest), Object(CakeResponse))
#1 {main}
2016-02-09 19:45:23 Error: [MissingControllerException] Controller class CssController could not be found.
Exception Attributes: array (
  'class' => 'CssController',
  'plugin' => NULL,
)
Request URL: /v2/css/bootstrap-fileupload.min.css
Stack Trace:
#0 /opt/lampp/htdocs/v2/app/webroot/index.php(116): Dispatcher->dispatch(Object(CakeRequest), Object(CakeResponse))
#1 {main}
2016-02-09 19:45:25 Error: [MissingControllerException] Controller class CssController could not be found.
Exception Attributes: array (
  'class' => 'CssController',
  'plugin' => NULL,
)
Request URL: /v2/css/bootstrap-fileupload.min.css
Stack Trace:
#0 /opt/lampp/htdocs/v2/app/webroot/index.php(116): Dispatcher->dispatch(Object(CakeRequest), Object(CakeResponse))
#1 {main}
2016-02-09 19:47:50 Error: [MissingControllerException] Controller class CssController could not be found.
Exception Attributes: array (
  'class' => 'CssController',
  'plugin' => NULL,
)
Request URL: /v2/css/bootstrap-fileupload.min.css
Stack Trace:
#0 /opt/lampp/htdocs/v2/app/webroot/index.php(116): Dispatcher->dispatch(Object(CakeRequest), Object(CakeResponse))
#1 {main}
2016-02-09 19:47:52 Error: [MissingControllerException] Controller class CssController could not be found.
Exception Attributes: array (
  'class' => 'CssController',
  'plugin' => NULL,
)
Request URL: /v2/css/bootstrap-fileupload.min.css
Stack Trace:
#0 /opt/lampp/htdocs/v2/app/webroot/index.php(116): Dispatcher->dispatch(Object(CakeRequest), Object(CakeResponse))
#1 {main}
2016-02-09 19:47:56 Error: [MissingControllerException] Controller class CssController could not be found.
Exception Attributes: array (
  'class' => 'CssController',
  'plugin' => NULL,
)
Request URL: /v2/css/bootstrap-fileupload.min.css
Stack Trace:
#0 /opt/lampp/htdocs/v2/app/webroot/index.php(116): Dispatcher->dispatch(Object(CakeRequest), Object(CakeResponse))
#1 {main}
